-------------------------------------------------------------------------------
Test set: com.example.demo.LibrarymanageApplicationTests
-------------------------------------------------------------------------------
Tests run: 1, Failures: 0, Errors: 1, Skipped: 0, Time elapsed: 4.076 s <<< FAILURE! - in com.example.demo.LibrarymanageApplicationTests
contextLoads  Time elapsed: 0.016 s  <<< ERROR!
java.lang.IllegalStateException: Failed to load ApplicationContext for [WebMergedContextConfiguration@5e97da56 testClass = com.example.demo.LibrarymanageApplicationTests, locations = [], classes = [com.example.demo.LibrarymanageApplication], contextInitializerClasses = [], activeProfiles = [], propertySourceLocations = [], propertySourceProperties = ["org.springframework.boot.test.context.SpringBootTestContextBootstrapper=true"], contextCustomizers = [org.springframework.boot.test.context.filter.ExcludeFilterContextCustomizer@2d6c53fc, org.springframework.boot.test.json.DuplicateJsonObjectContextCustomizerFactory$DuplicateJsonObjectContextCustomizer@3148f668, org.springframework.boot.test.mock.mockito.MockitoContextCustomizer@0, org.springframework.boot.test.web.client.TestRestTemplateContextCustomizer@1115ec15, org.springframework.boot.test.autoconfigure.actuate.observability.ObservabilityContextCustomizerFactory$DisableObservabilityContextCustomizer@9da1, org.springframework.boot.test.autoconfigure.properties.PropertyMappingContextCustomizer@0, org.springframework.boot.test.autoconfigure.web.servlet.WebDriverContextCustomizerFactory$Customizer@42530531, org.springframework.boot.test.context.SpringBootTestAnnotation@9e59b736], resourceBasePath = "src/main/webapp", contextLoader = org.springframework.boot.test.context.SpringBootContextLoader, parent = null]
Caused by: org.springframework.beans.factory.UnsatisfiedDependencyException: Error creating bean with name 'loginController': Unsatisfied dependency expressed through field 'loginservice': Error creating bean with name 'loginService': Unsatisfied dependency expressed through field 'signUpRepository': Error creating bean with name 'signUpRepository' defined in com.example.demo.repository.SignUpRepository defined in @EnableJpaRepositories declared on JpaRepositoriesRegistrar.EnableJpaRepositoriesConfiguration: Could not create query for public abstract java.lang.Iterable com.example.demo.repository.SignUpRepository.readByuserName(java.lang.String); Reason: Validation failed for query for method public abstract java.lang.Iterable com.example.demo.repository.SignUpRepository.readByuserName(java.lang.String)
Caused by: org.springframework.beans.factory.UnsatisfiedDependencyException: Error creating bean with name 'loginService': Unsatisfied dependency expressed through field 'signUpRepository': Error creating bean with name 'signUpRepository' defined in com.example.demo.repository.SignUpRepository defined in @EnableJpaRepositories declared on JpaRepositoriesRegistrar.EnableJpaRepositoriesConfiguration: Could not create query for public abstract java.lang.Iterable com.example.demo.repository.SignUpRepository.readByuserName(java.lang.String); Reason: Validation failed for query for method public abstract java.lang.Iterable com.example.demo.repository.SignUpRepository.readByuserName(java.lang.String)
Caused by: org.springframework.beans.factory.BeanCreationException: Error creating bean with name 'signUpRepository' defined in com.example.demo.repository.SignUpRepository defined in @EnableJpaRepositories declared on JpaRepositoriesRegistrar.EnableJpaRepositoriesConfiguration: Could not create query for public abstract java.lang.Iterable com.example.demo.repository.SignUpRepository.readByuserName(java.lang.String); Reason: Validation failed for query for method public abstract java.lang.Iterable com.example.demo.repository.SignUpRepository.readByuserName(java.lang.String)
Caused by: org.springframework.data.repository.query.QueryCreationException: Could not create query for public abstract java.lang.Iterable com.example.demo.repository.SignUpRepository.readByuserName(java.lang.String); Reason: Validation failed for query for method public abstract java.lang.Iterable com.example.demo.repository.SignUpRepository.readByuserName(java.lang.String)
Caused by: java.lang.IllegalArgumentException: Validation failed for query for method public abstract java.lang.Iterable com.example.demo.repository.SignUpRepository.readByuserName(java.lang.String)
Caused by: java.lang.IllegalArgumentException: org.hibernate.query.SemanticException: Unlabeled ordinal parameter ('?' rather than ?1)
Caused by: org.hibernate.query.SemanticException: Unlabeled ordinal parameter ('?' rather than ?1)

